[1m[33m[33m▲ [43;33m[[43;30mWARNING[43;33m][0m [1m"@charset" must be the first rule in the file[0m [1m[35m[plugin angular-compiler][0m [invalid-@charset]

    src/app/components/test-runner/test-runner.component.css:560:0:
[37m      560 │ [32m@charset[37m \"UTF-8\";`n`n.batch-buttons { display: flex; gap: 8px; ...
          ╵ [32m~~~~~~~~[0m

  This rule cannot come before a "@charset" rule

    src/app/components/test-runner/test-runner.component.css:1:0:
[37m      1 │ [32m[37m.runner-page {
        ╵ [32m^[0m


[33m▲ [43;33m[[43;30mWARNING[43;33m][0m [1mUnexpected "`"[0m [1m[35m[plugin angular-compiler][0m [css-syntax-error]

    src/app/components/test-runner/test-runner.component.css:560:19:
[37m      560 │ @charset \"UTF-8\";[32m`[37mn`n.batch-buttons { display: flex; gap: 8px; ...
          ╵                    [32m^[0m


[33m▲ [43;33m[[43;30mWARNING[43;33m][0m [1mUnexpected "`"[0m [1m[35m[plugin angular-compiler][0m [css-syntax-error]

    src/app/components/test-runner/test-runner.component.css:560:66:
[37m      560 │ ...ns { display: flex; gap: 8px; }[32m`[37mn.batch-buttons button { flex:...
          ╵                                   [32m^[0m


[33m▲ [43;33m[[43;30mWARNING[43;33m][0m [1mUnexpected "`"[0m [1m[35m[plugin angular-compiler][0m [css-syntax-error]

    src/app/components/test-runner/test-runner.component.css:560:102:
[37m      560 │ ...tch-buttons button { flex: 1; }[32m`[37mn.run-all-btn.matrix { backgro...
          ╵                                   [32m^[0m


[33m▲ [43;33m[[43;30mWARNING[43;33m][0m [1mUnexpected "`"[0m [1m[35m[plugin angular-compiler][0m [css-syntax-error]

    src/app/components/test-runner/test-runner.component.css:560:148:
[37m      560 │ ...matrix { background: #673ab7; }[32m`[37mn.run-all-btn.matrix:hover:not...
          ╵                                   [32m^[0m

[39m[22m
