
> angular-app@0.0.0 start
> ng serve

[33m❯[39m Building...
[32m✔[39m Building...
[1mInitial chunk files[22m[2m | [22m[1mNames[22m                   [2m | [22m[1mRaw size[22m
[32mmain.js[39m            [2m | [22m[2mmain[22m                    [2m | [22m [36m6.86 kB[39m[2m | [22m
[32mstyles.css[39m         [2m | [22m[2mstyles[22m                  [2m | [22m[36m95 bytes[39m[2m | [22m

[1m [22m                  [2m | [22m[1mInitial total[22m           [2m | [22m [1m6.96 kB[22m

[1mLazy chunk files[22m   [2m | [22m[1mNames[22m                   [2m | [22m[1mRaw size[22m
[32mchunk-QGKGSJLI.js[39m  [2m | [22m[2mtest-runner-component[22m   [2m | [22m[36m74.99 kB[39m[2m | [22m
[32mchunk-SG2X5PFD.js[39m  [2m | [22m[2mresults-component[22m       [2m | [22m[36m65.91 kB[39m[2m | [22m
[32mchunk-YLNREE3N.js[39m  [2m | [22m[2mproduct-list-component[22m  [2m | [22m[36m20.36 kB[39m[2m | [22m
[32mchunk-PVDUS575.js[39m  [2m | [22m[2mstatus-component[22m        [2m | [22m[36m20.02 kB[39m[2m | [22m
[32mchunk-C45HB3UB.js[39m  [2m | [22m[2mstreaming-demo-component[22m[2m | [22m[36m14.42 kB[39m[2m | [22m
[32mchunk-BY3KI74W.js[39m  [2m | [22m[2mproduct-detail-component[22m[2m | [22m[36m11.62 kB[39m[2m | [22m
[32mchunk-GLNVYXZ6.js[39m  [2m | [22m[2m-[22m                       [2m | [22m [36m5.42 kB[39m[2m | [22m
[32mchunk-F5HRQ5PL.js[39m  [2m | [22m[2m-[22m                       [2m | [22m [36m4.94 kB[39m[2m | [22m
[32mchunk-TKKQTYZM.js[39m  [2m | [22m[2mdemo-component[22m          [2m | [22m [36m4.28 kB[39m[2m | [22m

Application bundle generation complete. [3.664 seconds] - 2026-05-02T12:13:04.510Z

Watch mode enabled. Watching for file changes...
NOTE: Raw file sizes do not reflect development server per-request transformations.
  [32m➜[39m  [1mLocal[22m:   [36mhttp://localhost:[1m4200[22m/[39m
[2m[32m  ➜[39m[22m[2m  press [22m[1mh + enter[22m[2m to show help[22m
